
*** Running vivado
    with args -log top_nexys.vdi -applog -m64 -product Vivado -messageDb vivado.pb -mode batch -source top_nexys.tcl -notrace



****** Vivado v2024.1 (64-bit)
  **** SW Build 5076996 on Wed May 22 18:37:14 MDT 2024
  **** IP Build 5075265 on Wed May 22 21:45:21 MDT 2024
  **** SharedData Build 5076995 on Wed May 22 18:29:18 MDT 2024
  **** Start of session at: Tue Nov 18 14:50:39 2025
    ** Copyright 1986-2022 Xilinx, Inc. All Rights Reserved.
    ** Copyright 2022-2024 Advanced Micro Devices, Inc. All Rights Reserved.

source top_nexys.tcl -notrace
create_project: Time (s): cpu = 00:00:09 ; elapsed = 00:00:11 . Memory (MB): peak = 532.664 ; gain = 236.488
Command: link_design -top top_nexys -part xc7a100tcsg324-1
Design is defaulting to srcset: sources_1
Design is defaulting to constrset: constrs_1
INFO: [Device 21-403] Loading part xc7a100tcsg324-1
INFO: [Device 21-9227] Part: xc7a100tcsg324-1 does not have CEAM library.
Netlist sorting complete. Time (s): cpu = 00:00:00 ; elapsed = 00:00:00.001 . Memory (MB): peak = 952.926 ; gain = 0.000
INFO: [Netlist 29-17] Analyzing 5 Unisim elements for replacement
INFO: [Netlist 29-28] Unisim Transformation completed in 0 CPU seconds
INFO: [Project 1-479] Netlist was created with Vivado 2024.1
INFO: [Project 1-570] Preparing netlist for logic optimization
Parsing XDC File [C:/Users/carde/OneDrive/Escritorio/riscv/proyecto riscv/constraint/Nexys-A7-100T-Master.xdc]
CRITICAL WARNING: [Designutils 20-1307] Command 'IO_L3N_T0_DQS_EMCCLK_14' is not supported in the xdc constraint file. [C:/Users/carde/OneDrive/Escritorio/riscv/proyecto riscv/constraint/Nexys-A7-100T-Master.xdc:16]
Finished Parsing XDC File [C:/Users/carde/OneDrive/Escritorio/riscv/proyecto riscv/constraint/Nexys-A7-100T-Master.xdc]
INFO: [Opt 31-138] Pushed 0 inverter(s) to 0 load pin(s).
Netlist sorting complete. Time (s): cpu = 00:00:00 ; elapsed = 00:00:00 . Memory (MB): peak = 1072.129 ; gain = 0.000
INFO: [Project 1-111] Unisim Transformation Summary:
No Unisim elements were transformed.

8 Infos, 0 Warnings, 1 Critical Warnings and 0 Errors encountered.
link_design completed successfully
link_design: Time (s): cpu = 00:00:06 ; elapsed = 00:00:08 . Memory (MB): peak = 1076.133 ; gain = 543.469
Command: opt_design
Attempting to get a license for feature 'Implementation' and/or device 'xc7a100t'
INFO: [Common 17-349] Got license for feature 'Implementation' and/or device 'xc7a100t'
Running DRC as a precondition to command opt_design

Starting DRC Task
INFO: [DRC 23-27] Running DRC with 2 threads
INFO: [Project 1-461] DRC finished with 0 Errors
INFO: [Project 1-462] Please refer to the DRC report (report_drc) for more information.

Time (s): cpu = 00:00:02 ; elapsed = 00:00:01 . Memory (MB): peak = 1104.062 ; gain = 27.930

Starting Cache Timing Information Task
INFO: [Timing 38-35] Done setting XDC timing constraints.
Ending Cache Timing Information Task | Checksum: 2cdb52af4

Time (s): cpu = 00:00:08 ; elapsed = 00:00:09 . Memory (MB): peak = 1657.375 ; gain = 553.312

Starting Logic Optimization Task

Phase 1 Initialization

Phase 1.1 Core Generation And Design Setup
Phase 1.1 Core Generation And Design Setup | Checksum: 2cdb52af4

Time (s): cpu = 00:00:00 ; elapsed = 00:00:00 . Memory (MB): peak = 2029.531 ; gain = 0.000

Phase 1.2 Setup Constraints And Sort Netlist
Phase 1.2 Setup Constraints And Sort Netlist | Checksum: 2cdb52af4

Time (s): cpu = 00:00:00 ; elapsed = 00:00:00.001 . Memory (MB): peak = 2029.531 ; gain = 0.000
Phase 1 Initialization | Checksum: 2cdb52af4

Time (s): cpu = 00:00:00 ; elapsed = 00:00:00.002 . Memory (MB): peak = 2029.531 ; gain = 0.000

Phase 2 Timer Update And Timing Data Collection

Phase 2.1 Timer Update
Phase 2.1 Timer Update | Checksum: 2cdb52af4

Time (s): cpu = 00:00:00 ; elapsed = 00:00:00.008 . Memory (MB): peak = 2029.531 ; gain = 0.000

Phase 2.2 Timing Data Collection
Phase 2.2 Timing Data Collection | Checksum: 2cdb52af4

Time (s): cpu = 00:00:00 ; elapsed = 00:00:00.013 . Memory (MB): peak = 2029.531 ; gain = 0.000
Phase 2 Timer Update And Timing Data Collection | Checksum: 2cdb52af4

Time (s): cpu = 00:00:00 ; elapsed = 00:00:00.014 . Memory (MB): peak = 2029.531 ; gain = 0.000

Phase 3 Retarget
INFO: [Opt 31-1834] Total Chains To Be Transformed Were: 0 AND Number of Transformed insts Created are: 0
INFO: [Opt 31-138] Pushed 0 inverter(s) to 0 load pin(s).
INFO: [Opt 31-49] Retargeted 0 cell(s).
Phase 3 Retarget | Checksum: 2cdb52af4

Time (s): cpu = 00:00:00 ; elapsed = 00:00:00.020 . Memory (MB): peak = 2029.531 ; gain = 0.000
Retarget | Checksum: 2cdb52af4
INFO: [Opt 31-389] Phase Retarget created 0 cells and removed 0 cells

Phase 4 Constant propagation
INFO: [Opt 31-138] Pushed 0 inverter(s) to 0 load pin(s).
Phase 4 Constant propagation | Checksum: 2cdb52af4

Time (s): cpu = 00:00:00 ; elapsed = 00:00:00.021 . Memory (MB): peak = 2029.531 ; gain = 0.000
Constant propagation | Checksum: 2cdb52af4
INFO: [Opt 31-389] Phase Constant propagation created 0 cells and removed 0 cells

Phase 5 Sweep
Phase 5 Sweep | Checksum: 1efea0c23

Time (s): cpu = 00:00:00 ; elapsed = 00:00:00.024 . Memory (MB): peak = 2029.531 ; gain = 0.000
Sweep | Checksum: 1efea0c23
INFO: [Opt 31-389] Phase Sweep created 0 cells and removed 0 cells

Phase 6 BUFG optimization
Phase 6 BUFG optimization | Checksum: 1efea0c23

Time (s): cpu = 00:00:00 ; elapsed = 00:00:00.067 . Memory (MB): peak = 2029.531 ; gain = 0.000
BUFG optimization | Checksum: 1efea0c23
INFO: [Opt 31-662] Phase BUFG optimization created 0 cells of which 0 are BUFGs and removed 0 cells.

Phase 7 Shift Register Optimization
INFO: [Opt 31-1064] SRL Remap converted 0 SRLs to 0 registers and converted 0 registers of register chains to 0 SRLs
Phase 7 Shift Register Optimization | Checksum: 1efea0c23

Time (s): cpu = 00:00:00 ; elapsed = 00:00:00.069 . Memory (MB): peak = 2029.531 ; gain = 0.000
Shift Register Optimization | Checksum: 1efea0c23
INFO: [Opt 31-389] Phase Shift Register Optimization created 0 cells and removed 0 cells

Phase 8 Post Processing Netlist
Phase 8 Post Processing Netlist | Checksum: 1efea0c23

Time (s): cpu = 00:00:00 ; elapsed = 00:00:00.070 . Memory (MB): peak = 2029.531 ; gain = 0.000
Post Processing Netlist | Checksum: 1efea0c23
INFO: [Opt 31-389] Phase Post Processing Netlist created 0 cells and removed 0 cells

Phase 9 Finalization

Phase 9.1 Finalizing Design Cores and Updating Shapes
Phase 9.1 Finalizing Design Cores and Updating Shapes | Checksum: 20bbf2ea3

Time (s): cpu = 00:00:00 ; elapsed = 00:00:00.073 . Memory (MB): peak = 2029.531 ; gain = 0.000

Phase 9.2 Verifying Netlist Connectivity

Starting Connectivity Check Task

Time (s): cpu = 00:00:00 ; elapsed = 00:00:00 . Memory (MB): peak = 2029.531 ; gain = 0.000
Phase 9.2 Verifying Netlist Connectivity | Checksum: 20bbf2ea3

Time (s): cpu = 00:00:00 ; elapsed = 00:00:00.075 . Memory (MB): peak = 2029.531 ; gain = 0.000
Phase 9 Finalization | Checksum: 20bbf2ea3

Time (s): cpu = 00:00:00 ; elapsed = 00:00:00.075 . Memory (MB): peak = 2029.531 ; gain = 0.000
Opt_design Change Summary
=========================


-------------------------------------------------------------------------------------------------------------------------
|  Phase                        |  #Cells created  |  #Cells Removed  |  #Constrained objects preventing optimizations  |
-------------------------------------------------------------------------------------------------------------------------
|  Retarget                     |               0  |               0  |                                              0  |
|  Constant propagation         |               0  |               0  |                                              0  |
|  Sweep                        |               0  |               0  |                                              0  |
|  BUFG optimization            |               0  |               0  |                                              0  |
|  Shift Register Optimization  |               0  |               0  |                                              0  |
|  Post Processing Netlist      |               0  |               0  |                                              0  |
-------------------------------------------------------------------------------------------------------------------------


Ending Logic Optimization Task | Checksum: 20bbf2ea3

Time (s): cpu = 00:00:00 ; elapsed = 00:00:00.076 . Memory (MB): peak = 2029.531 ; gain = 0.000

Starting Power Optimization Task
INFO: [Pwropt 34-132] Skipping clock gating for clocks with a period < 2.00 ns.
Ending Power Optimization Task | Checksum: 20bbf2ea3

Time (s): cpu = 00:00:00 ; elapsed = 00:00:00.009 . Memory (MB): peak = 2029.531 ; gain = 0.000

Starting Final Cleanup Task
Ending Final Cleanup Task | Checksum: 20bbf2ea3

Time (s): cpu = 00:00:00 ; elapsed = 00:00:00 . Memory (MB): peak = 2029.531 ; gain = 0.000

Starting Netlist Obfuscation Task
Netlist sorting complete. Time (s): cpu = 00:00:00 ; elapsed = 00:00:00 . Memory (MB): peak = 2029.531 ; gain = 0.000
Ending Netlist Obfuscation Task | Checksum: 20bbf2ea3

Time (s): cpu = 00:00:00 ; elapsed = 00:00:00 . Memory (MB): peak = 2029.531 ; gain = 0.000
INFO: [Common 17-83] Releasing license: Implementation
26 Infos, 0 Warnings, 1 Critical Warnings and 0 Errors encountered.
opt_design completed successfully
opt_design: Time (s): cpu = 00:00:13 ; elapsed = 00:00:15 . Memory (MB): peak = 2029.531 ; gain = 953.398
INFO: [Vivado 12-24828] Executing command : report_drc -file top_nexys_drc_opted.rpt -pb top_nexys_drc_opted.pb -rpx top_nexys_drc_opted.rpx
Command: report_drc -file top_nexys_drc_opted.rpt -pb top_nexys_drc_opted.pb -rpx top_nexys_drc_opted.rpx
INFO: [IP_Flow 19-234] Refreshing IP repositories
INFO: [IP_Flow 19-1704] No user IP repositories specified
INFO: [IP_Flow 19-2313] Loaded Vivado IP repository 'D:/vivado/Vivado/2024.1/data/ip'.
INFO: [DRC 23-27] Running DRC with 2 threads
INFO: [Vivado_Tcl 2-168] The results of DRC are in file C:/Users/carde/OneDrive/Escritorio/riscv/riscv_uart/riscv_uart.runs/impl_1/top_nexys_drc_opted.rpt.
report_drc completed successfully
INFO: [Timing 38-480] Writing timing data to binary archive.
Write ShapeDB Complete: Time (s): cpu = 00:00:00 ; elapsed = 00:00:00.002 . Memory (MB): peak = 2029.531 ; gain = 0.000
Wrote PlaceDB: Time (s): cpu = 00:00:00 ; elapsed = 00:00:00.004 . Memory (MB): peak = 2029.531 ; gain = 0.000
Wrote PulsedLatchDB: Time (s): cpu = 00:00:00 ; elapsed = 00:00:00 . Memory (MB): peak = 2029.531 ; gain = 0.000
Writing XDEF routing.
Writing XDEF routing logical nets.
Writing XDEF routing special nets.
Wrote RouteStorage: Time (s): cpu = 00:00:00 ; elapsed = 00:00:00.063 . Memory (MB): peak = 2029.531 ; gain = 0.000
Wrote Netlist Cache: Time (s): cpu = 00:00:00 ; elapsed = 00:00:00 . Memory (MB): peak = 2029.531 ; gain = 0.000
Wrote Device Cache: Time (s): cpu = 00:00:00 ; elapsed = 00:00:00.011 . Memory (MB): peak = 2029.531 ; gain = 0.000
Write Physdb Complete: Time (s): cpu = 00:00:00 ; elapsed = 00:00:00.085 . Memory (MB): peak = 2029.531 ; gain = 0.000
INFO: [Common 17-1381] The checkpoint 'C:/Users/carde/OneDrive/Escritorio/riscv/riscv_uart/riscv_uart.runs/impl_1/top_nexys_opt.dcp' has been generated.
Command: place_design
Attempting to get a license for feature 'Implementation' and/or device 'xc7a100t'
INFO: [Common 17-349] Got license for feature 'Implementation' and/or device 'xc7a100t'
INFO: [Common 17-83] Releasing license: Implementation
INFO: [DRC 23-27] Running DRC with 2 threads
INFO: [Vivado_Tcl 4-198] DRC finished with 0 Errors
INFO: [Vivado_Tcl 4-199] Please refer to the DRC report (report_drc) for more information.
Running DRC as a precondition to command place_design
INFO: [DRC 23-27] Running DRC with 2 threads
INFO: [Vivado_Tcl 4-198] DRC finished with 0 Errors
INFO: [Vivado_Tcl 4-199] Please refer to the DRC report (report_drc) for more information.
INFO: [Place 30-611] Multithreading enabled for place_design using a maximum of 2 CPUs

Starting Placer Task

Phase 1 Placer Initialization

Phase 1.1 Placer Initialization Netlist Sorting
Netlist sorting complete. Time (s): cpu = 00:00:00 ; elapsed = 00:00:00 . Memory (MB): peak = 2029.531 ; gain = 0.000
Phase 1.1 Placer Initialization Netlist Sorting | Checksum: 1c6a40dbf

Time (s): cpu = 00:00:00 ; elapsed = 00:00:00.001 . Memory (MB): peak = 2029.531 ; gain = 0.000
Netlist sorting complete. Time (s): cpu = 00:00:00 ; elapsed = 00:00:00 . Memory (MB): peak = 2029.531 ; gain = 0.000

Phase 1.2 IO Placement/ Clock Placement/ Build Placer Device
INFO: [Timing 38-35] Done setting XDC timing constraints.
Phase 1.2 IO Placement/ Clock Placement/ Build Placer Device | Checksum: 11a77f8d6

Time (s): cpu = 00:00:00 ; elapsed = 00:00:00.377 . Memory (MB): peak = 2029.531 ; gain = 0.000

Phase 1.3 Build Placer Netlist Model
Phase 1.3 Build Placer Netlist Model | Checksum: 1bb113604

Time (s): cpu = 00:00:00 ; elapsed = 00:00:00.406 . Memory (MB): peak = 2029.531 ; gain = 0.000

Phase 1.4 Constrain Clocks/Macros
Phase 1.4 Constrain Clocks/Macros | Checksum: 1bb113604

Time (s): cpu = 00:00:00 ; elapsed = 00:00:00.410 . Memory (MB): peak = 2029.531 ; gain = 0.000
Phase 1 Placer Initialization | Checksum: 1bb113604

Time (s): cpu = 00:00:00 ; elapsed = 00:00:00.415 . Memory (MB): peak = 2029.531 ; gain = 0.000

Phase 2 Global Placement

Phase 2.1 Floorplanning
Phase 2.1 Floorplanning | Checksum: 1bb113604

Time (s): cpu = 00:00:00 ; elapsed = 00:00:00.417 . Memory (MB): peak = 2029.531 ; gain = 0.000

Phase 2.2 Update Timing before SLR Path Opt
Phase 2.2 Update Timing before SLR Path Opt | Checksum: 1bb113604

Time (s): cpu = 00:00:00 ; elapsed = 00:00:00.418 . Memory (MB): peak = 2029.531 ; gain = 0.000

Phase 2.3 Post-Processing in Floorplanning
Phase 2.3 Post-Processing in Floorplanning | Checksum: 1bb113604

Time (s): cpu = 00:00:00 ; elapsed = 00:00:00.419 . Memory (MB): peak = 2029.531 ; gain = 0.000

Phase 2.4 Global Placement Core
WARNING: [Place 46-29] Timing had been disabled during Placer and, therefore, physical synthesis in Placer will be skipped.
Phase 2.4 Global Placement Core | Checksum: 152419e80

Time (s): cpu = 00:00:01 ; elapsed = 00:00:01 . Memory (MB): peak = 2029.531 ; gain = 0.000
Phase 2 Global Placement | Checksum: 152419e80

Time (s): cpu = 00:00:01 ; elapsed = 00:00:01 . Memory (MB): peak = 2029.531 ; gain = 0.000

Phase 3 Detail Placement

Phase 3.1 Commit Multi Column Macros
Phase 3.1 Commit Multi Column Macros | Checksum: 152419e80

Time (s): cpu = 00:00:01 ; elapsed = 00:00:01 . Memory (MB): peak = 2029.531 ; gain = 0.000

Phase 3.2 Commit Most Macros & LUTRAMs
Phase 3.2 Commit Most Macros & LUTRAMs | Checksum: 21189a5e3

Time (s): cpu = 00:00:01 ; elapsed = 00:00:01 . Memory (MB): peak = 2029.531 ; gain = 0.000

Phase 3.3 Area Swap Optimization
Phase 3.3 Area Swap Optimization | Checksum: 25717e60e

Time (s): cpu = 00:00:01 ; elapsed = 00:00:01 . Memory (MB): peak = 2029.531 ; gain = 0.000

Phase 3.4 Pipeline Register Optimization
Phase 3.4 Pipeline Register Optimization | Checksum: 25717e60e

Time (s): cpu = 00:00:01 ; elapsed = 00:00:01 . Memory (MB): peak = 2029.531 ; gain = 0.000

Phase 3.5 Small Shape Detail Placement
Phase 3.5 Small Shape Detail Placement | Checksum: 2095a0557

Time (s): cpu = 00:00:01 ; elapsed = 00:00:02 . Memory (MB): peak = 2029.531 ; gain = 0.000

Phase 3.6 Re-assign LUT pins
Phase 3.6 Re-assign LUT pins | Checksum: 2095a0557

Time (s): cpu = 00:00:01 ; elapsed = 00:00:02 . Memory (MB): peak = 2029.531 ; gain = 0.000

Phase 3.7 Pipeline Register Optimization
Phase 3.7 Pipeline Register Optimization | Checksum: 2095a0557

Time (s): cpu = 00:00:01 ; elapsed = 00:00:02 . Memory (MB): peak = 2029.531 ; gain = 0.000
Phase 3 Detail Placement | Checksum: 2095a0557

Time (s): cpu = 00:00:01 ; elapsed = 00:00:02 . Memory (MB): peak = 2029.531 ; gain = 0.000

Phase 4 Post Placement Optimization and Clean-Up

Phase 4.1 Post Commit Optimization
Phase 4.1 Post Commit Optimization | Checksum: 2095a0557

Time (s): cpu = 00:00:01 ; elapsed = 00:00:02 . Memory (MB): peak = 2029.531 ; gain = 0.000

Phase 4.2 Post Placement Cleanup
Phase 4.2 Post Placement Cleanup | Checksum: 2095a0557

Time (s): cpu = 00:00:01 ; elapsed = 00:00:02 . Memory (MB): peak = 2029.531 ; gain = 0.000

Phase 4.3 Placer Reporting

Phase 4.3.1 Print Estimated Congestion
INFO: [Place 30-612] Post-Placement Estimated Congestion 
 ____________________________________________________
|           | Global Congestion | Short Congestion  |
| Direction | Region Size       | Region Size       |
|___________|___________________|___________________|
|      North|                1x1|                1x1|
|___________|___________________|___________________|
|      South|                1x1|                1x1|
|___________|___________________|___________________|
|       East|                1x1|                1x1|
|___________|___________________|___________________|
|       West|                1x1|                1x1|
|___________|___________________|___________________|

Phase 4.3.1 Print Estimated Congestion | Checksum: 2095a0557

Time (s): cpu = 00:00:01 ; elapsed = 00:00:02 . Memory (MB): peak = 2029.531 ; gain = 0.000
Phase 4.3 Placer Reporting | Checksum: 2095a0557

Time (s): cpu = 00:00:01 ; elapsed = 00:00:02 . Memory (MB): peak = 2029.531 ; gain = 0.000

Phase 4.4 Final Placement Cleanup
Netlist sorting complete. Time (s): cpu = 00:00:00 ; elapsed = 00:00:00 . Memory (MB): peak = 2029.531 ; gain = 0.000

Time (s): cpu = 00:00:01 ; elapsed = 00:00:02 . Memory (MB): peak = 2029.531 ; gain = 0.000
Phase 4 Post Placement Optimization and Clean-Up | Checksum: 221ff6768

Time (s): cpu = 00:00:01 ; elapsed = 00:00:02 . Memory (MB): peak = 2029.531 ; gain = 0.000
Ending Placer Task | Checksum: 175d22366

Time (s): cpu = 00:00:01 ; elapsed = 00:00:02 . Memory (MB): peak = 2029.531 ; gain = 0.000
45 Infos, 1 Warnings, 1 Critical Warnings and 0 Errors encountered.
place_design completed successfully
INFO: [Vivado 12-24838] Running report commands "report_control_sets, report_io, report_utilization" in parallel.
Running report generation with 2 threads.
INFO: [Vivado 12-24828] Executing command : report_utilization -file top_nexys_utilization_placed.rpt -pb top_nexys_utilization_placed.pb
INFO: [Vivado 12-24828] Executing command : report_control_sets -verbose -file top_nexys_control_sets_placed.rpt
report_control_sets: Time (s): cpu = 00:00:00 ; elapsed = 00:00:00.003 . Memory (MB): peak = 2029.531 ; gain = 0.000
INFO: [Vivado 12-24828] Executing command : report_io -file top_nexys_io_placed.rpt
report_io: Time (s): cpu = 00:00:01 ; elapsed = 00:00:00.087 . Memory (MB): peak = 2029.531 ; gain = 0.000
INFO: [Timing 38-480] Writing timing data to binary archive.
Write ShapeDB Complete: Time (s): cpu = 00:00:00 ; elapsed = 00:00:00.003 . Memory (MB): peak = 2029.531 ; gain = 0.000
Wrote PlaceDB: Time (s): cpu = 00:00:00 ; elapsed = 00:00:00.037 . Memory (MB): peak = 2029.531 ; gain = 0.000
Wrote PulsedLatchDB: Time (s): cpu = 00:00:00 ; elapsed = 00:00:00 . Memory (MB): peak = 2029.531 ; gain = 0.000
Writing XDEF routing.
Writing XDEF routing logical nets.
Writing XDEF routing special nets.
Wrote RouteStorage: Time (s): cpu = 00:00:00 ; elapsed = 00:00:00.034 . Memory (MB): peak = 2029.531 ; gain = 0.000
Wrote Netlist Cache: Time (s): cpu = 00:00:00 ; elapsed = 00:00:00.001 . Memory (MB): peak = 2029.531 ; gain = 0.000
Wrote Device Cache: Time (s): cpu = 00:00:00 ; elapsed = 00:00:00.014 . Memory (MB): peak = 2029.531 ; gain = 0.000
Write Physdb Complete: Time (s): cpu = 00:00:00 ; elapsed = 00:00:00.095 . Memory (MB): peak = 2029.531 ; gain = 0.000
INFO: [Common 17-1381] The checkpoint 'C:/Users/carde/OneDrive/Escritorio/riscv/riscv_uart/riscv_uart.runs/impl_1/top_nexys_placed.dcp' has been generated.
Command: phys_opt_design
Attempting to get a license for feature 'Implementation' and/or device 'xc7a100t'
INFO: [Common 17-349] Got license for feature 'Implementation' and/or device 'xc7a100t'

Starting Initial Update Timing Task

Time (s): cpu = 00:00:00 ; elapsed = 00:00:00.020 . Memory (MB): peak = 2029.531 ; gain = 0.000
INFO: [Vivado_Tcl 4-235] No timing constraint found. The netlist was not modified.
INFO: [Common 17-83] Releasing license: Implementation
54 Infos, 1 Warnings, 1 Critical Warnings and 0 Errors encountered.
phys_opt_design completed successfully
Write ShapeDB Complete: Time (s): cpu = 00:00:00 ; elapsed = 00:00:00.002 . Memory (MB): peak = 2040.328 ; gain = 0.000
INFO: [Timing 38-480] Writing timing data to binary archive.
Wrote PlaceDB: Time (s): cpu = 00:00:00 ; elapsed = 00:00:00.018 . Memory (MB): peak = 2040.328 ; gain = 0.000
Wrote PulsedLatchDB: Time (s): cpu = 00:00:00 ; elapsed = 00:00:00 . Memory (MB): peak = 2040.328 ; gain = 0.000
Writing XDEF routing.
Writing XDEF routing logical nets.
Writing XDEF routing special nets.
Wrote RouteStorage: Time (s): cpu = 00:00:00 ; elapsed = 00:00:00.021 . Memory (MB): peak = 2040.328 ; gain = 0.000
Wrote Netlist Cache: Time (s): cpu = 00:00:00 ; elapsed = 00:00:00.001 . Memory (MB): peak = 2040.328 ; gain = 0.000
Wrote Device Cache: Time (s): cpu = 00:00:00 ; elapsed = 00:00:00.007 . Memory (MB): peak = 2040.328 ; gain = 0.000
Write Physdb Complete: Time (s): cpu = 00:00:00 ; elapsed = 00:00:00.054 . Memory (MB): peak = 2040.328 ; gain = 0.000
INFO: [Common 17-1381] The checkpoint 'C:/Users/carde/OneDrive/Escritorio/riscv/riscv_uart/riscv_uart.runs/impl_1/top_nexys_physopt.dcp' has been generated.
Command: route_design
Attempting to get a license for feature 'Implementation' and/or device 'xc7a100t'
INFO: [Common 17-349] Got license for feature 'Implementation' and/or device 'xc7a100t'
Running DRC as a precondition to command route_design
INFO: [DRC 23-27] Running DRC with 2 threads
INFO: [Vivado_Tcl 4-198] DRC finished with 0 Errors
INFO: [Vivado_Tcl 4-199] Please refer to the DRC report (report_drc) for more information.


Starting Routing Task
INFO: [Route 35-254] Multithreading enabled for route_design using a maximum of 8 CPUs

Phase 1 Build RT Design
Checksum: PlaceDB: 4c43d6f0 ConstDB: 0 ShapeSum: 77bbece0 RouteDB: b1d25f96
Post Restoration Checksum: NetGraph: 46fd2f45 | NumContArr: 2a1b63ec | Constraints: c2a8fa9d | Timing: c2a8fa9d
Phase 1 Build RT Design | Checksum: 1f66a886b

Time (s): cpu = 00:00:35 ; elapsed = 00:00:36 . Memory (MB): peak = 2161.969 ; gain = 110.211

Phase 2 Router Initialization
INFO: [Route 35-64] No timing constraints were detected. The router will operate in resource-optimization mode.

Phase 2.1 Fix Topology Constraints
Phase 2.1 Fix Topology Constraints | Checksum: 1f66a886b

Time (s): cpu = 00:00:35 ; elapsed = 00:00:36 . Memory (MB): peak = 2193.586 ; gain = 141.828

Phase 2.2 Pre Route Cleanup
Phase 2.2 Pre Route Cleanup | Checksum: 1f66a886b

Time (s): cpu = 00:00:35 ; elapsed = 00:00:36 . Memory (MB): peak = 2193.586 ; gain = 141.828
 Number of Nodes with overlaps = 0

Router Utilization Summary
  Global Vertical Routing Utilization    = 0 %
  Global Horizontal Routing Utilization  = 0 %
  Routable Net Status*
  *Does not include unroutable nets such as driverless and loadless.
  Run report_route_status for detailed report.
  Number of Failed Nets               = 111
    (Failed Nets is the sum of unrouted and partially routed nets)
  Number of Unrouted Nets             = 111
  Number of Partially Routed Nets     = 0
  Number of Node Overlaps             = 0

Phase 2 Router Initialization | Checksum: 31218051d

Time (s): cpu = 00:00:36 ; elapsed = 00:00:36 . Memory (MB): peak = 2273.742 ; gain = 221.984

Phase 3 Global Routing
Phase 3 Global Routing | Checksum: 31218051d

Time (s): cpu = 00:00:36 ; elapsed = 00:00:36 . Memory (MB): peak = 2273.742 ; gain = 221.984

Phase 4 Initial Routing

Phase 4.1 Initial Net Routing Pass
Phase 4.1 Initial Net Routing Pass | Checksum: 263f857bf

Time (s): cpu = 00:00:36 ; elapsed = 00:00:36 . Memory (MB): peak = 2273.742 ; gain = 221.984
Phase 4 Initial Routing | Checksum: 263f857bf

Time (s): cpu = 00:00:36 ; elapsed = 00:00:36 . Memory (MB): peak = 2273.742 ; gain = 221.984

Phase 5 Rip-up And Reroute

Phase 5.1 Global Iteration 0
 Number of Nodes with overlaps = 5
 Number of Nodes with overlaps = 0
Phase 5.1 Global Iteration 0 | Checksum: 25c3c5e28

Time (s): cpu = 00:00:36 ; elapsed = 00:00:36 . Memory (MB): peak = 2273.742 ; gain = 221.984
Phase 5 Rip-up And Reroute | Checksum: 25c3c5e28

Time (s): cpu = 00:00:36 ; elapsed = 00:00:36 . Memory (MB): peak = 2273.742 ; gain = 221.984

Phase 6 Delay and Skew Optimization
Phase 6 Delay and Skew Optimization | Checksum: 25c3c5e28

Time (s): cpu = 00:00:36 ; elapsed = 00:00:36 . Memory (MB): peak = 2273.742 ; gain = 221.984

Phase 7 Post Hold Fix

Phase 7.1 Hold Fix Iter
Phase 7.1 Hold Fix Iter | Checksum: 25c3c5e28

Time (s): cpu = 00:00:36 ; elapsed = 00:00:36 . Memory (MB): peak = 2273.742 ; gain = 221.984
Phase 7 Post Hold Fix | Checksum: 25c3c5e28

Time (s): cpu = 00:00:36 ; elapsed = 00:00:36 . Memory (MB): peak = 2273.742 ; gain = 221.984

Phase 8 Route finalize

Router Utilization Summary
  Global Vertical Routing Utilization    = 0.00496148 %
  Global Horizontal Routing Utilization  = 0.00888036 %
  Routable Net Status*
  *Does not include unroutable nets such as driverless and loadless.
  Run report_route_status for detailed report.
  Number of Failed Nets               = 0
    (Failed Nets is the sum of unrouted and partially routed nets)
  Number of Unrouted Nets             = 0
  Number of Partially Routed Nets     = 0
  Number of Node Overlaps             = 0


--GLOBAL Congestion:
Utilization threshold used for congestion level computation: 0.85
Congestion Report
North Dir 1x1 Area, Max Cong = 7.20721%, No Congested Regions.
South Dir 1x1 Area, Max Cong = 6.30631%, No Congested Regions.
East Dir 1x1 Area, Max Cong = 5.88235%, No Congested Regions.
West Dir 1x1 Area, Max Cong = 8.82353%, No Congested Regions.

------------------------------
Reporting congestion hotspots
------------------------------
Direction: North
----------------
Congested clusters found at Level 0
Effective congestion level: 0 Aspect Ratio: 1 Sparse Ratio: 0
Direction: South
----------------
Congested clusters found at Level 0
Effective congestion level: 0 Aspect Ratio: 1 Sparse Ratio: 0
Direction: East
----------------
Congested clusters found at Level 0
Effective congestion level: 0 Aspect Ratio: 1 Sparse Ratio: 0
Direction: West
----------------
Congested clusters found at Level 0
Effective congestion level: 0 Aspect Ratio: 1 Sparse Ratio: 0

Phase 8 Route finalize | Checksum: 25c3c5e28

Time (s): cpu = 00:00:36 ; elapsed = 00:00:36 . Memory (MB): peak = 2273.742 ; gain = 221.984

Phase 9 Verifying routed nets

 Verification completed successfully
Phase 9 Verifying routed nets | Checksum: 25c3c5e28

Time (s): cpu = 00:00:36 ; elapsed = 00:00:36 . Memory (MB): peak = 2273.742 ; gain = 221.984

Phase 10 Depositing Routes
Phase 10 Depositing Routes | Checksum: 28efa311a

Time (s): cpu = 00:00:36 ; elapsed = 00:00:36 . Memory (MB): peak = 2273.742 ; gain = 221.984

Phase 11 Post Process Routing
Phase 11 Post Process Routing | Checksum: 28efa311a

Time (s): cpu = 00:00:36 ; elapsed = 00:00:36 . Memory (MB): peak = 2273.742 ; gain = 221.984
Total Elapsed time in route_design: 36.233 secs

Phase 12 Post-Route Event Processing
Phase 12 Post-Route Event Processing | Checksum: 1c5b8a616

Time (s): cpu = 00:00:36 ; elapsed = 00:00:36 . Memory (MB): peak = 2273.742 ; gain = 221.984
INFO: [Route 35-16] Router Completed Successfully
Ending Routing Task | Checksum: 1c5b8a616

Time (s): cpu = 00:00:36 ; elapsed = 00:00:36 . Memory (MB): peak = 2273.742 ; gain = 221.984

Routing Is Done.
INFO: [Common 17-83] Releasing license: Implementation
64 Infos, 1 Warnings, 1 Critical Warnings and 0 Errors encountered.
route_design completed successfully
route_design: Time (s): cpu = 00:00:37 ; elapsed = 00:00:37 . Memory (MB): peak = 2273.742 ; gain = 233.414
INFO: [Vivado 12-24828] Executing command : report_drc -file top_nexys_drc_routed.rpt -pb top_nexys_drc_routed.pb -rpx top_nexys_drc_routed.rpx
Command: report_drc -file top_nexys_drc_routed.rpt -pb top_nexys_drc_routed.pb -rpx top_nexys_drc_routed.rpx
INFO: [IP_Flow 19-1839] IP Catalog is up to date.
INFO: [DRC 23-27] Running DRC with 2 threads
INFO: [Vivado_Tcl 2-168] The results of DRC are in file C:/Users/carde/OneDrive/Escritorio/riscv/riscv_uart/riscv_uart.runs/impl_1/top_nexys_drc_routed.rpt.
report_drc completed successfully
INFO: [Vivado 12-24828] Executing command : report_methodology -file top_nexys_methodology_drc_routed.rpt -pb top_nexys_methodology_drc_routed.pb -rpx top_nexys_methodology_drc_routed.rpx
Command: report_methodology -file top_nexys_methodology_drc_routed.rpt -pb top_nexys_methodology_drc_routed.pb -rpx top_nexys_methodology_drc_routed.rpx
INFO: [Timing 38-35] Done setting XDC timing constraints.
INFO: [DRC 23-133] Running Methodology with 2 threads
INFO: [Vivado_Tcl 2-1520] The results of Report Methodology are in file C:/Users/carde/OneDrive/Escritorio/riscv/riscv_uart/riscv_uart.runs/impl_1/top_nexys_methodology_drc_routed.rpt.
report_methodology completed successfully
INFO: [Vivado 12-24828] Executing command : report_timing_summary -max_paths 10 -report_unconstrained -file top_nexys_timing_summary_routed.rpt -pb top_nexys_timing_summary_routed.pb -rpx top_nexys_timing_summary_routed.rpx -warn_on_violation 
INFO: [Timing 38-35] Done setting XDC timing constraints.
INFO: [Timing 38-91] UpdateTimingParams: Speed grade: -1, Delay Type: min_max.
INFO: [Timing 38-191] Multithreading enabled for timing update using a maximum of 2 CPUs
WARNING: [Timing 38-313] There are no user specified timing constraints. Timing constraints are needed for proper timing analysis.
INFO: [Vivado 12-24838] Running report commands "report_incremental_reuse, report_route_status" in parallel.
Running report generation with 2 threads.
INFO: [Vivado 12-24828] Executing command : report_incremental_reuse -file top_nexys_incremental_reuse_routed.rpt
INFO: [Vivado_Tcl 4-1062] Incremental flow is disabled. No incremental reuse Info to report.
INFO: [Vivado 12-24828] Executing command : report_route_status -file top_nexys_route_status.rpt -pb top_nexys_route_status.pb
INFO: [Vivado 12-24828] Executing command : report_power -file top_nexys_power_routed.rpt -pb top_nexys_power_summary_routed.pb -rpx top_nexys_power_routed.rpx
Command: report_power -file top_nexys_power_routed.rpt -pb top_nexys_power_summary_routed.pb -rpx top_nexys_power_routed.rpx
WARNING: [Power 33-232] No user defined clocks were found in the design! Power estimation will be inaccurate until this is corrected.
Resolution: Please specify clocks using create_clock/create_generated_clock for sequential elements. For pure combinatorial circuits, please specify a virtual clock, otherwise the vectorless estimation might be inaccurate
Running Vector-less Activity Propagation...

Finished Running Vector-less Activity Propagation
81 Infos, 3 Warnings, 1 Critical Warnings and 0 Errors encountered.
report_power completed successfully
INFO: [Vivado 12-24828] Executing command : report_clock_utilization -file top_nexys_clock_utilization_routed.rpt
WARNING: [Device 21-9320] Failed to find the Oracle tile group with name 'HSR_BOUNDARY_TOP'. This is required for Clock regions and Virtual grid.
WARNING: [Device 21-2174] Failed to initialize Virtual grid.
INFO: [Vivado 12-24828] Executing command : report_bus_skew -warn_on_violation -file top_nexys_bus_skew_routed.rpt -pb top_nexys_bus_skew_routed.pb -rpx top_nexys_bus_skew_routed.rpx
INFO: [Timing 38-91] UpdateTimingParams: Speed grade: -1, Delay Type: min_max.
INFO: [Timing 38-191] Multithreading enabled for timing update using a maximum of 2 CPUs
INFO: [Timing 38-480] Writing timing data to binary archive.
Write ShapeDB Complete: Time (s): cpu = 00:00:00 ; elapsed = 00:00:00.003 . Memory (MB): peak = 2273.742 ; gain = 0.000
Wrote PlaceDB: Time (s): cpu = 00:00:00 ; elapsed = 00:00:00.023 . Memory (MB): peak = 2273.742 ; gain = 0.000
Wrote PulsedLatchDB: Time (s): cpu = 00:00:00 ; elapsed = 00:00:00 . Memory (MB): peak = 2273.742 ; gain = 0.000
Writing XDEF routing.
Writing XDEF routing logical nets.
Writing XDEF routing special nets.
Wrote RouteStorage: Time (s): cpu = 00:00:00 ; elapsed = 00:00:00.024 . Memory (MB): peak = 2273.742 ; gain = 0.000
Wrote Netlist Cache: Time (s): cpu = 00:00:00 ; elapsed = 00:00:00 . Memory (MB): peak = 2273.742 ; gain = 0.000
Wrote Device Cache: Time (s): cpu = 00:00:00 ; elapsed = 00:00:00.012 . Memory (MB): peak = 2273.742 ; gain = 0.000
Write Physdb Complete: Time (s): cpu = 00:00:00 ; elapsed = 00:00:00.068 . Memory (MB): peak = 2273.742 ; gain = 0.000
INFO: [Common 17-1381] The checkpoint 'C:/Users/carde/OneDrive/Escritorio/riscv/riscv_uart/riscv_uart.runs/impl_1/top_nexys_routed.dcp' has been generated.
Command: write_bitstream -force top_nexys.bit
Attempting to get a license for feature 'Implementation' and/or device 'xc7a100t'
INFO: [Common 17-349] Got license for feature 'Implementation' and/or device 'xc7a100t'
Running DRC as a precondition to command write_bitstream
INFO: [IP_Flow 19-1839] IP Catalog is up to date.
INFO: [DRC 23-27] Running DRC with 2 threads
WARNING: [DRC CFGBVS-1] Missing CFGBVS and CONFIG_VOLTAGE Design Properties: Neither the CFGBVS nor CONFIG_VOLTAGE voltage property is set in the current_design.  Configuration bank voltage select (CFGBVS) must be set to VCCO or GND, and CONFIG_VOLTAGE must be set to the correct configuration voltage, in order to determine the I/O voltage support for the pins in bank 0.  It is suggested to specify these either using the 'Edit Device Properties' function in the GUI or directly in the XDC file using the following syntax:

 set_property CFGBVS value1 [current_design]
 #where value1 is either VCCO or GND

 set_property CONFIG_VOLTAGE value2 [current_design]
 #where value2 is the voltage provided to configuration bank 0

Refer to the device configuration user guide for more information.
INFO: [Vivado 12-3199] DRC finished with 0 Errors, 1 Warnings
INFO: [Vivado 12-3200] Please refer to the DRC report (report_drc) for more information.
INFO: [Designutils 20-2272] Running write_bitstream with 2 threads.
Loading data files...
Loading site data...
Loading route data...
Processing options...
Creating bitmap...
Creating bitstream...
Writing bitstream ./top_nexys.bit...
INFO: [Vivado 12-1842] Bitgen Completed Successfully.
INFO: [Project 1-1876] WebTalk data collection is mandatory when using a ULT device. To see the specific WebTalk data collected for your design, open the usage_statistics_webtalk.html or usage_statistics_webtalk.xml file in the implementation directory.
INFO: [Common 17-83] Releasing license: Implementation
96 Infos, 6 Warnings, 1 Critical Warnings and 0 Errors encountered.
write_bitstream completed successfully
write_bitstream: Time (s): cpu = 00:00:14 ; elapsed = 00:00:17 . Memory (MB): peak = 2665.883 ; gain = 392.141
INFO: [Common 17-206] Exiting Vivado at Tue Nov 18 14:52:21 2025...
